# JRE version: Java(TM) SE Runtime Environment (11.0.2+9) (build 11.0.2+9-LTS)
# Java VM: Java HotSpot(TM) 64-Bit Server VM (11.0.2+9-LTS, mixed mode, tiered, compressed oops, g1 gc, linux-amd64)
Heap:
 garbage-first heap   total 181248K, used 31174K [0x0000000085400000, 0x0000000100000000)
  region size 1024K, 13 young (13312K), 4 survivors (4096K)
 Metaspace       used 36224K, capacity 36925K, committed 37148K, reserved 1081344K
  class space    used 4340K, capacity 4620K, committed 4736K, reserved 1048576K
GC Heap History (10 events):
Event: 1.468 GC heap before
{Heap before GC invocations=2 (full 0):
 garbage-first heap   total 126976K, used 27019K [0x0000000085400000, 0x0000000100000000)
  region size 1024K, 22 young (22528K), 2 survivors (2048K)
 Metaspace       used 19575K, capacity 20143K, committed 20480K, reserved 1067008K
  class space    used 2272K, capacity 2492K, committed 2560K, reserved 1048576K
}
Event: 1.484 GC heap after
{Heap after GC invocations=3 (full 0):
 garbage-first heap   total 126976K, used 7866K [0x0000000085400000, 0x0000000100000000)
  region size 1024K, 3 young (3072K), 3 survivors (3072K)
 Metaspace       used 19575K, capacity 20143K, committed 20480K, reserved 1067008K
  class space    used 2272K, capacity 2492K, committed 2560K, reserved 1048576K
}
Event: 1.527 GC heap before
{Heap before GC invocations=3 (full 0):
 garbage-first heap   total 126976K, used 12986K [0x0000000085400000, 0x0000000100000000)
  region size 1024K, 9 young (9216K), 3 survivors (3072K)
 Metaspace       used 20508K, capacity 21074K, committed 21296K, reserved 1069056K
  class space    used 2380K, capacity 2589K, committed 2688K, reserved 1048576K
}
Event: 1.534 GC heap after
{Heap after GC invocations=4 (full 0):
 garbage-first heap   total 126976K, used 8052K [0x0000000085400000, 0x0000000100000000)
  region size 1024K, 3 young (3072K), 3 survivors (3072K)
 Metaspace       used 20508K, capacity 21074K, committed 21296K, reserved 1069056K
  class space    used 2380K, capacity 2589K, committed 2688K, reserved 1048576K
}
Event: 2.774 GC heap before
{Heap before GC invocations=5 (full 0):
 garbage-first heap   total 126976K, used 78708K [0x0000000085400000, 0x0000000100000000)
  region size 1024K, 72 young (73728K), 3 survivors (3072K)
 Metaspace       used 27783K, capacity 28462K, committed 28848K, reserved 1075200K
  class space    used 3308K, capacity 3531K, committed 3584K, reserved 1048576K
}
Event: 2.796 GC heap after
{Heap after GC invocations=6 (full 0):
 garbage-first heap   total 181248K, used 11711K [0x0000000085400000, 0x0000000100000000)
  region size 1024K, 7 young (7168K), 7 survivors (7168K)
 Metaspace       used 27783K, capacity 28462K, committed 28848K, reserved 1075200K
  class space    used 3308K, capacity 3531K, committed 3584K, reserved 1048576K
}
Event: 3.622 GC heap before
{Heap before GC invocations=6 (full 0):
 garbage-first heap   total 181248K, used 99775K [0x0000000085400000, 0x0000000100000000)
  region size 1024K, 93 young (95232K), 7 survivors (7168K)
 Metaspace       used 32925K, capacity 33626K, committed 33968K, reserved 1079296K
  class space    used 3957K, capacity 4246K, committed 4352K, reserved 1048576K
}
Event: 3.650 GC heap after
{Heap after GC invocations=7 (full 0):
 garbage-first heap   total 181248K, used 19889K [0x0000000085400000, 0x0000000100000000)
  region size 1024K, 12 young (12288K), 12 survivors (12288K)
 Metaspace       used 32925K, capacity 33626K, committed 33968K, reserved 1079296K
  class space    used 3957K, capacity 4246K, committed 4352K, reserved 1048576K
}
Event: 3.938 GC heap before
{Heap before GC invocations=7 (full 0):
 garbage-first heap   total 181248K, used 68017K [0x0000000085400000, 0x0000000100000000)
  region size 1024K, 60 young (61440K), 12 survivors (12288K)
 Metaspace       used 35012K, capacity 35654K, committed 35888K, reserved 1081344K
  class space    used 4213K, capacity 4472K, committed 4480K, reserved 1048576K
}
Event: 3.981 GC heap after
{Heap after GC invocations=8 (full 0):
 garbage-first heap   total 181248K, used 22982K [0x0000000085400000, 0x0000000100000000)
  region size 1024K, 4 young (4096K), 4 survivors (4096K)
 Metaspace       used 35012K, capacity 35654K, committed 35888K, reserved 1081344K
  class space    used 4213K, capacity 4472K, committed 4480K, reserved 1048576K
}

