# JRE version: Java(TM) SE Runtime Environment (11.0.2+9) (build 11.0.2+9-LTS)
# Java VM: Java HotSpot(TM) 64-Bit Server VM (11.0.2+9-LTS, mixed mode, tiered, compressed oops, g1 gc, linux-amd64)
Heap:
 garbage-first heap   total 203776K, used 60003K [0x0000000085400000, 0x0000000100000000)
  region size 1024K, 42 young (43008K), 5 survivors (5120K)
 Metaspace       used 43720K, capacity 44679K, committed 44828K, reserved 1089536K
  class space    used 5250K, capacity 5671K, committed 5760K, reserved 1048576K
GC Heap History (10 events):
Event: 1.994 GC heap before
{Heap before GC invocations=4 (full 0):
 garbage-first heap   total 126976K, used 38966K [0x0000000085400000, 0x0000000100000000)
  region size 1024K, 33 young (33792K), 3 survivors (3072K)
 Metaspace       used 24077K, capacity 24757K, committed 25008K, reserved 1071104K
  class space    used 2816K, capacity 3070K, committed 3072K, reserved 1048576K
}
Event: 2.025 GC heap after
{Heap after GC invocations=5 (full 0):
 garbage-first heap   total 126976K, used 9739K [0x0000000085400000, 0x0000000100000000)
  region size 1024K, 3 young (3072K), 3 survivors (3072K)
 Metaspace       used 24077K, capacity 24757K, committed 25008K, reserved 1071104K
  class space    used 2816K, capacity 3070K, committed 3072K, reserved 1048576K
}
Event: 2.706 GC heap before
{Heap before GC invocations=5 (full 0):
 garbage-first heap   total 126976K, used 54795K [0x0000000085400000, 0x0000000100000000)
  region size 1024K, 47 young (48128K), 3 survivors (3072K)
 Metaspace       used 28349K, capacity 29006K, committed 29232K, reserved 1075200K
  class space    used 3379K, capacity 3627K, committed 3712K, reserved 1048576K
}
Event: 2.724 GC heap after
{Heap after GC invocations=6 (full 0):
 garbage-first heap   total 203776K, used 12163K [0x0000000085400000, 0x0000000100000000)
  region size 1024K, 6 young (6144K), 6 survivors (6144K)
 Metaspace       used 28349K, capacity 29006K, committed 29232K, reserved 1075200K
  class space    used 3379K, capacity 3627K, committed 3712K, reserved 1048576K
}
Event: 3.369 GC heap before
{Heap before GC invocations=6 (full 0):
 garbage-first heap   total 203776K, used 74627K [0x0000000085400000, 0x0000000100000000)
  region size 1024K, 68 young (69632K), 6 survivors (6144K)
 Metaspace       used 32169K, capacity 32875K, committed 33072K, reserved 1079296K
  class space    used 3863K, capacity 4147K, committed 4224K, reserved 1048576K
}
Event: 3.402 GC heap after
{Heap after GC invocations=7 (full 0):
 garbage-first heap   total 203776K, used 18988K [0x0000000085400000, 0x0000000100000000)
  region size 1024K, 9 young (9216K), 9 survivors (9216K)
 Metaspace       used 32169K, capacity 32875K, committed 33072K, reserved 1079296K
  class space    used 3863K, capacity 4147K, committed 4224K, reserved 1048576K
}
Event: 3.791 GC heap before
{Heap before GC invocations=7 (full 0):
 garbage-first heap   total 203776K, used 85548K [0x0000000085400000, 0x0000000100000000)
  region size 1024K, 75 young (76800K), 9 survivors (9216K)
 Metaspace       used 34990K, capacity 35656K, committed 35888K, reserved 1081344K
  class space    used 4221K, capacity 4473K, committed 4480K, reserved 1048576K
}
Event: 3.805 GC heap after
{Heap after GC invocations=8 (full 0):
 garbage-first heap   total 203776K, used 23041K [0x0000000085400000, 0x0000000100000000)
  region size 1024K, 12 young (12288K), 12 survivors (12288K)
 Metaspace       used 34990K, capacity 35656K, committed 35888K, reserved 1081344K
  class space    used 4221K, capacity 4473K, committed 4480K, reserved 1048576K
}
Event: 108.970 GC heap before
{Heap before GC invocations=9 (full 0):
 garbage-first heap   total 203776K, used 102913K [0x0000000085400000, 0x0000000100000000)
  region size 1024K, 90 young (92160K), 12 survivors (12288K)
 Metaspace       used 43587K, capacity 44615K, committed 44828K, reserved 1089536K
  class space    used 5234K, capacity 5671K, committed 5760K, reserved 1048576K
}
Event: 109.030 GC heap after
{Heap after GC invocations=10 (full 0):
 garbage-first heap   total 203776K, used 23139K [0x0000000085400000, 0x0000000100000000)
  region size 1024K, 5 young (5120K), 5 survivors (5120K)
 Metaspace       used 43587K, capacity 44615K, committed 44828K, reserved 1089536K
  class space    used 5234K, capacity 5671K, committed 5760K, reserved 1048576K
}

