# JRE version: Java(TM) SE Runtime Environment (11.0.2+9) (build 11.0.2+9-LTS)
# Java VM: Java HotSpot(TM) 64-Bit Server VM (11.0.2+9-LTS, mixed mode, tiered, compressed oops, g1 gc, linux-amd64)
Heap:
 garbage-first heap   total 231424K, used 48705K [0x0000000085400000, 0x0000000100000000)
  region size 1024K, 42 young (43008K), 16 survivors (16384K)
 Metaspace       used 43246K, capacity 44263K, committed 44464K, reserved 1087488K
  class space    used 5192K, capacity 5614K, committed 5632K, reserved 1048576K
GC Heap History (10 events):
Event: 3.792 GC heap before
{Heap before GC invocations=2 (full 0):
 garbage-first heap   total 126976K, used 26397K [0x0000000085400000, 0x0000000100000000)
  region size 1024K, 22 young (22528K), 2 survivors (2048K)
 Metaspace       used 19512K, capacity 20079K, committed 20224K, reserved 1067008K
  class space    used 2270K, capacity 2492K, committed 2560K, reserved 1048576K
}
Event: 3.997 GC heap after
{Heap after GC invocations=3 (full 0):
 garbage-first heap   total 126976K, used 8026K [0x0000000085400000, 0x0000000100000000)
  region size 1024K, 3 young (3072K), 3 survivors (3072K)
 Metaspace       used 19512K, capacity 20079K, committed 20224K, reserved 1067008K
  class space    used 2270K, capacity 2492K, committed 2560K, reserved 1048576K
}
Event: 4.091 GC heap before
{Heap before GC invocations=3 (full 0):
 garbage-first heap   total 126976K, used 12122K [0x0000000085400000, 0x0000000100000000)
  region size 1024K, 8 young (8192K), 3 survivors (3072K)
 Metaspace       used 20586K, capacity 21173K, committed 21296K, reserved 1069056K
  class space    used 2395K, capacity 2622K, committed 2688K, reserved 1048576K
}
Event: 4.097 GC heap after
{Heap after GC invocations=4 (full 0):
 garbage-first heap   total 126976K, used 8231K [0x0000000085400000, 0x0000000100000000)
  region size 1024K, 2 young (2048K), 2 survivors (2048K)
 Metaspace       used 20586K, capacity 21173K, committed 21296K, reserved 1069056K
  class space    used 2395K, capacity 2622K, committed 2688K, reserved 1048576K
}
Event: 5.994 GC heap before
{Heap before GC invocations=5 (full 0):
 garbage-first heap   total 126976K, used 38951K [0x0000000085400000, 0x0000000100000000)
  region size 1024K, 32 young (32768K), 2 survivors (2048K)
 Metaspace       used 24246K, capacity 24885K, committed 25008K, reserved 1071104K
  class space    used 2835K, capacity 3070K, committed 3072K, reserved 1048576K
}
Event: 6.013 GC heap after
{Heap after GC invocations=6 (full 0):
 garbage-first heap   total 126976K, used 9959K [0x0000000085400000, 0x0000000100000000)
  region size 1024K, 4 young (4096K), 4 survivors (4096K)
 Metaspace       used 24246K, capacity 24885K, committed 25008K, reserved 1071104K
  class space    used 2835K, capacity 3070K, committed 3072K, reserved 1048576K
}
Event: 7.354 GC heap before
{Heap before GC invocations=6 (full 0):
 garbage-first heap   total 126976K, used 57063K [0x0000000085400000, 0x0000000100000000)
  region size 1024K, 50 young (51200K), 4 survivors (4096K)
 Metaspace       used 28368K, capacity 29006K, committed 29232K, reserved 1075200K
  class space    used 3385K, capacity 3627K, committed 3712K, reserved 1048576K
}
Event: 7.443 GC heap after
{Heap after GC invocations=7 (full 0):
 garbage-first heap   total 231424K, used 12442K [0x0000000085400000, 0x0000000100000000)
  region size 1024K, 6 young (6144K), 6 survivors (6144K)
 Metaspace       used 28368K, capacity 29006K, committed 29232K, reserved 1075200K
  class space    used 3385K, capacity 3627K, committed 3712K, reserved 1048576K
}
Event: 12.069 GC heap before
{Heap before GC invocations=7 (full 0):
 garbage-first heap   total 231424K, used 143514K [0x0000000085400000, 0x0000000100000000)
  region size 1024K, 135 young (138240K), 6 survivors (6144K)
 Metaspace       used 34822K, capacity 35481K, committed 35888K, reserved 1081344K
  class space    used 4202K, capacity 4451K, committed 4480K, reserved 1048576K
}
Event: 12.086 GC heap after
{Heap after GC invocations=8 (full 0):
 garbage-first heap   total 231424K, used 23105K [0x0000000085400000, 0x0000000100000000)
  region size 1024K, 16 young (16384K), 16 survivors (16384K)
 Metaspace       used 34822K, capacity 35481K, committed 35888K, reserved 1081344K
  class space    used 4202K, capacity 4451K, committed 4480K, reserved 1048576K
}

