# JRE version: Java(TM) SE Runtime Environment (11.0.2+9) (build 11.0.2+9-LTS)
# Java VM: Java HotSpot(TM) 64-Bit Server VM (11.0.2+9-LTS, mixed mode, tiered, compressed oops, g1 gc, linux-amd64)
Heap:
 garbage-first heap   total 152576K, used 48810K [0x0000000085400000, 0x0000000100000000)
  region size 1024K, 33 young (33792K), 6 survivors (6144K)
 Metaspace       used 43288K, capacity 44262K, committed 44520K, reserved 1087488K
  class space    used 5193K, capacity 5639K, committed 5688K, reserved 1048576K
GC Heap History (10 events):
Event: 2.589 GC heap before
{Heap before GC invocations=3 (full 0):
 garbage-first heap   total 126976K, used 13034K [0x0000000085400000, 0x0000000100000000)
  region size 1024K, 10 young (10240K), 3 survivors (3072K)
 Metaspace       used 20565K, capacity 21118K, committed 21296K, reserved 1069056K
  class space    used 2402K, capacity 2624K, committed 2688K, reserved 1048576K
}
Event: 2.595 GC heap after
{Heap after GC invocations=4 (full 0):
 garbage-first heap   total 126976K, used 8283K [0x0000000085400000, 0x0000000100000000)
  region size 1024K, 3 young (3072K), 3 survivors (3072K)
 Metaspace       used 20565K, capacity 21118K, committed 21296K, reserved 1069056K
  class space    used 2402K, capacity 2624K, committed 2688K, reserved 1048576K
}
Event: 3.767 GC heap before
{Heap before GC invocations=5 (full 0):
 garbage-first heap   total 126976K, used 56411K [0x0000000085400000, 0x0000000100000000)
  region size 1024K, 50 young (51200K), 3 survivors (3072K)
 Metaspace       used 25887K, capacity 26535K, committed 26800K, reserved 1073152K
  class space    used 3054K, capacity 3299K, committed 3328K, reserved 1048576K
}
Event: 3.881 GC heap after
{Heap after GC invocations=6 (full 0):
 garbage-first heap   total 152576K, used 10817K [0x0000000085400000, 0x0000000100000000)
  region size 1024K, 6 young (6144K), 6 survivors (6144K)
 Metaspace       used 25887K, capacity 26535K, committed 26800K, reserved 1073152K
  class space    used 3054K, capacity 3299K, committed 3328K, reserved 1048576K
}
Event: 5.151 GC heap before
{Heap before GC invocations=6 (full 0):
 garbage-first heap   total 152576K, used 69185K [0x0000000085400000, 0x0000000100000000)
  region size 1024K, 64 young (65536K), 6 survivors (6144K)
 Metaspace       used 31075K, capacity 31699K, committed 32048K, reserved 1077248K
  class space    used 3703K, capacity 3950K, committed 3968K, reserved 1048576K
}
Event: 5.176 GC heap after
{Heap after GC invocations=7 (full 0):
 garbage-first heap   total 152576K, used 17067K [0x0000000085400000, 0x0000000100000000)
  region size 1024K, 8 young (8192K), 8 survivors (8192K)
 Metaspace       used 31075K, capacity 31699K, committed 32048K, reserved 1077248K
  class space    used 3703K, capacity 3950K, committed 3968K, reserved 1048576K
}
Event: 5.961 GC heap before
{Heap before GC invocations=7 (full 0):
 garbage-first heap   total 152576K, used 100011K [0x0000000085400000, 0x0000000100000000)
  region size 1024K, 89 young (91136K), 8 survivors (8192K)
 Metaspace       used 33823K, capacity 34438K, committed 34736K, reserved 1079296K
  class space    used 4079K, capacity 4344K, committed 4352K, reserved 1048576K
}
Event: 6.009 GC heap after
{Heap after GC invocations=8 (full 0):
 garbage-first heap   total 152576K, used 22582K [0x0000000085400000, 0x0000000100000000)
  region size 1024K, 10 young (10240K), 10 survivors (10240K)
 Metaspace       used 33823K, capacity 34438K, committed 34736K, reserved 1079296K
  class space    used 4079K, capacity 4344K, committed 4352K, reserved 1048576K
}
Event: 6.161 GC heap before
{Heap before GC invocations=8 (full 0):
 garbage-first heap   total 152576K, used 38966K [0x0000000085400000, 0x0000000100000000)
  region size 1024K, 27 young (27648K), 10 survivors (10240K)
 Metaspace       used 34997K, capacity 35604K, committed 35888K, reserved 1081344K
  class space    used 4217K, capacity 4476K, committed 4480K, reserved 1048576K
}
Event: 6.185 GC heap after
{Heap after GC invocations=9 (full 0):
 garbage-first heap   total 152576K, used 23210K [0x0000000085400000, 0x0000000100000000)
  region size 1024K, 6 young (6144K), 6 survivors (6144K)
 Metaspace       used 34997K, capacity 35604K, committed 35888K, reserved 1081344K
  class space    used 4217K, capacity 4476K, committed 4480K, reserved 1048576K
}

