# JRE version: Java(TM) SE Runtime Environment (11.0.2+9) (build 11.0.2+9-LTS)
# Java VM: Java HotSpot(TM) 64-Bit Server VM (11.0.2+9-LTS, mixed mode, tiered, compressed oops, g1 gc, linux-amd64)
Heap:
 garbage-first heap   total 172032K, used 45604K [0x0000000085400000, 0x0000000100000000)
  region size 1024K, 27 young (27648K), 3 survivors (3072K)
 Metaspace       used 43189K, capacity 44162K, committed 44444K, reserved 1087488K
  class space    used 5183K, capacity 5607K, committed 5632K, reserved 1048576K
GC Heap History (10 events):
Event: 1.563 GC heap before
{Heap before GC invocations=3 (full 0):
 garbage-first heap   total 126976K, used 18742K [0x0000000085400000, 0x0000000100000000)
  region size 1024K, 14 young (14336K), 2 survivors (2048K)
 Metaspace       used 20502K, capacity 21074K, committed 21296K, reserved 1069056K
  class space    used 2383K, capacity 2589K, committed 2688K, reserved 1048576K
}
Event: 1.569 GC heap after
{Heap after GC invocations=4 (full 0):
 garbage-first heap   total 126976K, used 8228K [0x0000000085400000, 0x0000000100000000)
  region size 1024K, 3 young (3072K), 3 survivors (3072K)
 Metaspace       used 20502K, capacity 21074K, committed 21296K, reserved 1069056K
  class space    used 2383K, capacity 2589K, committed 2688K, reserved 1048576K
}
Event: 2.136 GC heap before
{Heap before GC invocations=5 (full 0):
 garbage-first heap   total 126976K, used 36900K [0x0000000085400000, 0x0000000100000000)
  region size 1024K, 33 young (33792K), 3 survivors (3072K)
 Metaspace       used 23978K, capacity 24663K, committed 24752K, reserved 1071104K
  class space    used 2804K, capacity 3040K, committed 3072K, reserved 1048576K
}
Event: 2.159 GC heap after
{Heap after GC invocations=6 (full 0):
 garbage-first heap   total 172032K, used 9805K [0x0000000085400000, 0x0000000100000000)
  region size 1024K, 4 young (4096K), 4 survivors (4096K)
 Metaspace       used 23978K, capacity 24663K, committed 24752K, reserved 1071104K
  class space    used 2804K, capacity 3040K, committed 3072K, reserved 1048576K
}
Event: 3.156 GC heap before
{Heap before GC invocations=6 (full 0):
 garbage-first heap   total 172032K, used 64077K [0x0000000085400000, 0x0000000100000000)
  region size 1024K, 57 young (58368K), 4 survivors (4096K)
 Metaspace       used 28603K, capacity 29296K, committed 29488K, reserved 1075200K
  class space    used 3413K, capacity 3661K, committed 3712K, reserved 1048576K
}
Event: 3.163 GC heap after
{Heap after GC invocations=7 (full 0):
 garbage-first heap   total 172032K, used 12729K [0x0000000085400000, 0x0000000100000000)
  region size 1024K, 7 young (7168K), 7 survivors (7168K)
 Metaspace       used 28603K, capacity 29296K, committed 29488K, reserved 1075200K
  class space    used 3413K, capacity 3661K, committed 3712K, reserved 1048576K
}
Event: 3.760 GC heap before
{Heap before GC invocations=7 (full 0):
 garbage-first heap   total 172032K, used 96697K [0x0000000085400000, 0x0000000100000000)
  region size 1024K, 89 young (91136K), 7 survivors (7168K)
 Metaspace       used 33327K, capacity 34010K, committed 34480K, reserved 1079296K
  class space    used 4021K, capacity 4310K, committed 4352K, reserved 1048576K
}
Event: 3.822 GC heap after
{Heap after GC invocations=8 (full 0):
 garbage-first heap   total 172032K, used 20451K [0x0000000085400000, 0x0000000100000000)
  region size 1024K, 12 young (12288K), 12 survivors (12288K)
 Metaspace       used 33327K, capacity 34010K, committed 34480K, reserved 1079296K
  class space    used 4021K, capacity 4310K, committed 4352K, reserved 1048576K
}
Event: 4.071 GC heap before
{Heap before GC invocations=8 (full 0):
 garbage-first heap   total 172032K, used 59363K [0x0000000085400000, 0x0000000100000000)
  region size 1024K, 51 young (52224K), 12 survivors (12288K)
 Metaspace       used 34931K, capacity 35590K, committed 35888K, reserved 1081344K
  class space    used 4215K, capacity 4472K, committed 4480K, reserved 1048576K
}
Event: 4.144 GC heap after
{Heap after GC invocations=9 (full 0):
 garbage-first heap   total 172032K, used 23076K [0x0000000085400000, 0x0000000100000000)
  region size 1024K, 3 young (3072K), 3 survivors (3072K)
 Metaspace       used 34931K, capacity 35590K, committed 35888K, reserved 1081344K
  class space    used 4215K, capacity 4472K, committed 4480K, reserved 1048576K
}

