# JRE version: Java(TM) SE Runtime Environment (11.0.2+9) (build 11.0.2+9-LTS)
# Java VM: Java HotSpot(TM) 64-Bit Server VM (11.0.2+9-LTS, mixed mode, tiered, compressed oops, g1 gc, linux-amd64)
Heap:
 garbage-first heap   total 190464K, used 31473K [0x0000000085400000, 0x0000000100000000)
  region size 1024K, 12 young (12288K), 3 survivors (3072K)
 Metaspace       used 36182K, capacity 36861K, committed 37404K, reserved 1081344K
  class space    used 4346K, capacity 4620K, committed 4736K, reserved 1048576K
GC Heap History (10 events):
Event: 1.543 GC heap before
{Heap before GC invocations=3 (full 0):
 garbage-first heap   total 126976K, used 14942K [0x0000000085400000, 0x0000000100000000)
  region size 1024K, 11 young (11264K), 3 survivors (3072K)
 Metaspace       used 20522K, capacity 21074K, committed 21296K, reserved 1069056K
  class space    used 2378K, capacity 2589K, committed 2688K, reserved 1048576K
}
Event: 1.562 GC heap after
{Heap after GC invocations=4 (full 0):
 garbage-first heap   total 126976K, used 8296K [0x0000000085400000, 0x0000000100000000)
  region size 1024K, 2 young (2048K), 2 survivors (2048K)
 Metaspace       used 20522K, capacity 21074K, committed 21296K, reserved 1069056K
  class space    used 2378K, capacity 2589K, committed 2688K, reserved 1048576K
}
Event: 2.138 GC heap before
{Heap before GC invocations=5 (full 0):
 garbage-first heap   total 126976K, used 37992K [0x0000000085400000, 0x0000000100000000)
  region size 1024K, 32 young (32768K), 2 survivors (2048K)
 Metaspace       used 24637K, capacity 25243K, committed 25392K, reserved 1071104K
  class space    used 2877K, capacity 3105K, committed 3200K, reserved 1048576K
}
Event: 2.158 GC heap after
{Heap after GC invocations=6 (full 0):
 garbage-first heap   total 190464K, used 9831K [0x0000000085400000, 0x0000000100000000)
  region size 1024K, 4 young (4096K), 4 survivors (4096K)
 Metaspace       used 24637K, capacity 25243K, committed 25392K, reserved 1071104K
  class space    used 2877K, capacity 3105K, committed 3200K, reserved 1048576K
}
Event: 2.989 GC heap before
{Heap before GC invocations=6 (full 0):
 garbage-first heap   total 190464K, used 57959K [0x0000000085400000, 0x0000000100000000)
  region size 1024K, 51 young (52224K), 4 survivors (4096K)
 Metaspace       used 28416K, capacity 29070K, committed 29488K, reserved 1075200K
  class space    used 3389K, capacity 3627K, committed 3712K, reserved 1048576K
}
Event: 3.009 GC heap after
{Heap after GC invocations=7 (full 0):
 garbage-first heap   total 190464K, used 12552K [0x0000000085400000, 0x0000000100000000)
  region size 1024K, 6 young (6144K), 6 survivors (6144K)
 Metaspace       used 28416K, capacity 29070K, committed 29488K, reserved 1075200K
  class space    used 3389K, capacity 3627K, committed 3712K, reserved 1048576K
}
Event: 3.728 GC heap before
{Heap before GC invocations=7 (full 0):
 garbage-first heap   total 190464K, used 108808K [0x0000000085400000, 0x0000000100000000)
  region size 1024K, 101 young (103424K), 6 survivors (6144K)
 Metaspace       used 33580K, capacity 34214K, committed 34480K, reserved 1079296K
  class space    used 4045K, capacity 4312K, committed 4352K, reserved 1048576K
}
Event: 3.776 GC heap after
{Heap after GC invocations=8 (full 0):
 garbage-first heap   total 190464K, used 20953K [0x0000000085400000, 0x0000000100000000)
  region size 1024K, 13 young (13312K), 13 survivors (13312K)
 Metaspace       used 33580K, capacity 34214K, committed 34480K, reserved 1079296K
  class space    used 4045K, capacity 4312K, committed 4352K, reserved 1048576K
}
Event: 3.953 GC heap before
{Heap before GC invocations=8 (full 0):
 garbage-first heap   total 190464K, used 50649K [0x0000000085400000, 0x0000000100000000)
  region size 1024K, 43 young (44032K), 13 survivors (13312K)
 Metaspace       used 34966K, capacity 35590K, committed 35888K, reserved 1081344K
  class space    used 4218K, capacity 4472K, committed 4480K, reserved 1048576K
}
Event: 4.007 GC heap after
{Heap after GC invocations=9 (full 0):
 garbage-first heap   total 190464K, used 23281K [0x0000000085400000, 0x0000000100000000)
  region size 1024K, 3 young (3072K), 3 survivors (3072K)
 Metaspace       used 34966K, capacity 35590K, committed 35888K, reserved 1081344K
  class space    used 4218K, capacity 4472K, committed 4480K, reserved 1048576K
}

